<?xml version="1.0" encoding="UTF-8"?>
<!-- Generated by org.testng.reporters.JUnitXMLReporter -->
<testsuite hostname="DESKTOP-18F4G47" ignored="0" name="Default test" tests="3" failures="0" timestamp="18 Aug 2020 22:35:27 GMT" time="20.841" errors="0">
  <testcase name="verifyHomePageHeader" time="2.991" classname="com.qa2.hubspot2.tests.HomePageTest"/>
  <testcase name="verifyLoggedInUserTest" time="0.09" classname="com.qa2.hubspot2.tests.HomePageTest"/>
  <testcase name="verifyHomePageTitle" time="0.017" classname="com.qa2.hubspot2.tests.HomePageTest"/>
</testsuite> <!-- Default test -->
