<?xml version="1.0" encoding="UTF-8"?>
<!-- Generated by org.testng.reporters.JUnitXMLReporter -->
<testsuite hostname="DESKTOP-18F4G47" ignored="0" name="home page test" tests="3" failures="0" timestamp="07 Aug 2020 14:35:43 GMT" time="25.768" errors="0">
  <testcase name="verifyHomePageHeader" time="4.046" classname="com.qa2.hubspot2.tests.HomePageTest"/>
  <testcase name="verifyLoggedInUserTest" time="0.126" classname="com.qa2.hubspot2.tests.HomePageTest"/>
  <testcase name="verifyHomePageTitle" time="0.014" classname="com.qa2.hubspot2.tests.HomePageTest"/>
</testsuite> <!-- home page test -->
