<?xml version="1.0" encoding="UTF-8"?>
<!-- Generated by org.testng.reporters.JUnitXMLReporter -->
<testsuite hostname="DESKTOP-18F4G47" ignored="0" name="login page test" tests="3" failures="0" timestamp="07 Aug 2020 14:35:40 GMT" time="22.832" errors="0">
  <testcase name="verifySignUpLink" time="8.573" classname="com.qa2.hubspot2.tests.LoginPageTest"/>
  <testcase name="verifyLoginPageTitleTest" time="0.017" classname="com.qa2.hubspot2.tests.LoginPageTest"/>
  <testcase name="loginTest" time="0.958" classname="com.qa2.hubspot2.tests.LoginPageTest"/>
</testsuite> <!-- login page test -->
